<?xml version="1.0" encoding="UTF-8"?>
<!-- Generated by org.testng.reporters.JUnitReportReporter -->
<testsuite hostname="admin" failures="0" tests="1" name="basicTest.OrganizationsTest" time="3.446" errors="0" timestamp="2024-03-15T12:51:38 IST" skipped="0">
  <testcase classname="basicTest.OrganizationsTest" name="createOrganizationsTest" time="3.446"/>
  <system-out/>
</testsuite> <!-- basicTest.OrganizationsTest -->
